@!@!@STARTMSG 2262:0 @!@!@
TLC2 Version 2.20 of Day Month 20?? (rev: 13e5a39)
@!@!@ENDMSG 2262 @!@!@
@!@!@STARTMSG 2187:0 @!@!@
Running breadth-first search Model-Checking with fp 71 and seed 2508566933419117942 with 8 workers on 8 cores with 2837MB heap and 6380MB offheap memory [pid: 13115] (Linux 5.15.0-136-generic amd64, AdoptOpenJDK 14.0.1 x86_64, OffHeapDiskFPSet, DiskStateQueue).
@!@!@ENDMSG 2187 @!@!@
@!@!@STARTMSG 2220:0 @!@!@
Starting SANY...
@!@!@ENDMSG 2220 @!@!@
Parsing file /home/user/Desktop/DIPLOM/Kripke/Kripke.toolbox/Model_1/MC.tla
Parsing file /home/user/Desktop/DIPLOM/Kripke/Kripke.toolbox/Model_1/main.tla
Parsing file /home/user/Desktop/DIPLOM/Kripke/toolbox/plugins/org.lamport.tlatools_1.0.0.202504151343/tla2sany/StandardModules/TLC.tla
Parsing file /home/user/Desktop/DIPLOM/Kripke/toolbox/plugins/org.lamport.tlatools_1.0.0.202504151343/tla2sany/StandardModules/Sequences.tla
Parsing file /home/user/Desktop/DIPLOM/Kripke/toolbox/plugins/org.lamport.tlatools_1.0.0.202504151343/tla2sany/StandardModules/FiniteSets.tla
Parsing file /home/user/Desktop/DIPLOM/Kripke/toolbox/plugins/org.lamport.tlatools_1.0.0.202504151343/tla2sany/StandardModules/Integers.tla
Parsing file /home/user/Desktop/DIPLOM/Kripke/toolbox/plugins/org.lamport.tlatools_1.0.0.202504151343/tla2sany/StandardModules/Naturals.tla
Semantic processing of module Naturals
Semantic processing of module Sequences
Semantic processing of module FiniteSets
Semantic processing of module TLC
Semantic processing of module Integers
Semantic processing of module main
Semantic processing of module MC
@!@!@STARTMSG 2219:0 @!@!@
SANY finished.
@!@!@ENDMSG 2219 @!@!@
@!@!@STARTMSG 2185:0 @!@!@
Starting... (2025-04-22 01:56:46)
@!@!@ENDMSG 2185 @!@!@
@!@!@STARTMSG 2212:0 @!@!@
Implied-temporal checking--satisfiability problem has 1 branches.
@!@!@ENDMSG 2212 @!@!@
@!@!@STARTMSG 2189:0 @!@!@
Computing initial states...
@!@!@ENDMSG 2189 @!@!@
@!@!@STARTMSG 2190:0 @!@!@
Finished computing initial states: 1 distinct state generated at 2025-04-22 01:56:47.
@!@!@ENDMSG 2190 @!@!@
@!@!@STARTMSG 2200:0 @!@!@
Progress(8) at 2025-04-22 01:56:47: 26 states generated, 26 distinct states found, 0 states left on queue.
@!@!@ENDMSG 2200 @!@!@
@!@!@STARTMSG 2192:0 @!@!@
Checking temporal properties for the complete state space with 26 total distinct states at (2025-04-22 01:56:47)
@!@!@ENDMSG 2192 @!@!@
@!@!@STARTMSG 2267:0 @!@!@
Finished checking temporal properties in 00s at 2025-04-22 01:56:47
@!@!@ENDMSG 2267 @!@!@
@!@!@STARTMSG 2193:0 @!@!@
Model checking completed. No error has been found.
  Estimates of the probability that TLC did not check all reachable states
  because two distinct states had the same fingerprint:
  calculated (optimistic):  val = 0.0
@!@!@ENDMSG 2193 @!@!@
@!@!@STARTMSG 2201:0 @!@!@
The coverage statistics at 2025-04-22 01:56:47
@!@!@ENDMSG 2201 @!@!@
@!@!@STARTMSG 2773:0 @!@!@
<Init line 45, col 1 to line 45, col 4 of module main>: 1:1
@!@!@ENDMSG 2773 @!@!@
@!@!@STARTMSG 2221:0 @!@!@
  line 45, col 9 to line 45, col 26 of module main: 1
@!@!@ENDMSG 2221 @!@!@
@!@!@STARTMSG 2772:0 @!@!@
<Next line 47, col 9 to line 47, col 12 of module main (49 13 51 38)>: 25:25
@!@!@ENDMSG 2772 @!@!@
@!@!@STARTMSG 2221:0 @!@!@
  line 49, col 16 to line 49, col 49 of module main: 701
@!@!@ENDMSG 2221 @!@!@
@!@!@STARTMSG 2221:0 @!@!@
  |line 49, col 16 to line 49, col 39 of module main: 676
@!@!@ENDMSG 2221 @!@!@
@!@!@STARTMSG 2221:0 @!@!@
  |line 49, col 45 to line 49, col 49 of module main: 676
@!@!@ENDMSG 2221 @!@!@
@!@!@STARTMSG 2221:0 @!@!@
  line 50, col 16 to line 50, col 55 of module main: 54
@!@!@ENDMSG 2221 @!@!@
@!@!@STARTMSG 2221:0 @!@!@
  |line 50, col 18 to line 50, col 54 of module main: 29
@!@!@ENDMSG 2221 @!@!@
@!@!@STARTMSG 2221:0 @!@!@
  ||line 50, col 43 to line 50, col 54 of module main: 142
@!@!@ENDMSG 2221 @!@!@
@!@!@STARTMSG 2221:0 @!@!@
  ||line 50, col 27 to line 50, col 39 of module main: 29
@!@!@ENDMSG 2221 @!@!@
@!@!@STARTMSG 2221:0 @!@!@
  line 51, col 16 to line 51, col 38 of module main: 25
@!@!@ENDMSG 2221 @!@!@
@!@!@STARTMSG 2202:0 @!@!@
End of statistics.
@!@!@ENDMSG 2202 @!@!@
@!@!@STARTMSG 2200:0 @!@!@
Progress(8) at 2025-04-22 01:56:47: 26 states generated (881 s/min), 26 distinct states found (881 ds/min), 0 states left on queue.
@!@!@ENDMSG 2200 @!@!@
@!@!@STARTMSG 2199:0 @!@!@
26 states generated, 26 distinct states found, 0 states left on queue.
@!@!@ENDMSG 2199 @!@!@
@!@!@STARTMSG 2194:0 @!@!@
The depth of the complete state graph search is 8.
@!@!@ENDMSG 2194 @!@!@
@!@!@STARTMSG 2268:0 @!@!@
The average outdegree of the complete state graph is 1 (minimum is 0, the maximum 4 and the 95th percentile is 3).
@!@!@ENDMSG 2268 @!@!@
@!@!@STARTMSG 2186:0 @!@!@
Finished in 1781ms at (2025-04-22 01:56:47)
@!@!@ENDMSG 2186 @!@!@
