@!@!@STARTMSG 2262:0 @!@!@
TLC2 Version 2.20 of Day Month 20?? (rev: 13e5a39)
@!@!@ENDMSG 2262 @!@!@
@!@!@STARTMSG 2187:0 @!@!@
Running breadth-first search Model-Checking with fp 34 and seed -2322850592855969591 with 8 workers on 8 cores with 2837MB heap and 6380MB offheap memory [pid: 4876] (Linux 5.15.0-136-generic amd64, AdoptOpenJDK 14.0.1 x86_64, OffHeapDiskFPSet, DiskStateQueue).
@!@!@ENDMSG 2187 @!@!@
@!@!@STARTMSG 2220:0 @!@!@
Starting SANY...
@!@!@ENDMSG 2220 @!@!@
Parsing file /home/user/Desktop/DIPLOM/Kripke/Kripke.toolbox/Model_1/MC.tla
Parsing file /home/user/Desktop/DIPLOM/Kripke/Kripke.toolbox/Model_1/main.tla
Parsing file /home/user/Desktop/DIPLOM/Kripke/toolbox/plugins/org.lamport.tlatools_1.0.0.202504151343/tla2sany/StandardModules/TLC.tla
Parsing file /home/user/Desktop/DIPLOM/Kripke/toolbox/plugins/org.lamport.tlatools_1.0.0.202504151343/tla2sany/StandardModules/Sequences.tla
Parsing file /home/user/Desktop/DIPLOM/Kripke/toolbox/plugins/org.lamport.tlatools_1.0.0.202504151343/tla2sany/StandardModules/FiniteSets.tla
Parsing file /home/user/Desktop/DIPLOM/Kripke/toolbox/plugins/org.lamport.tlatools_1.0.0.202504151343/tla2sany/StandardModules/Integers.tla
Parsing file /home/user/Desktop/DIPLOM/Kripke/toolbox/plugins/org.lamport.tlatools_1.0.0.202504151343/tla2sany/StandardModules/Naturals.tla
Semantic processing of module Naturals
Semantic processing of module Sequences
Semantic processing of module FiniteSets
Semantic processing of module TLC
Semantic processing of module Integers
Semantic processing of module main
Semantic processing of module MC
@!@!@STARTMSG 2219:0 @!@!@
SANY finished.
@!@!@ENDMSG 2219 @!@!@
@!@!@STARTMSG 2185:0 @!@!@
Starting... (2025-04-21 10:12:47)
@!@!@ENDMSG 2185 @!@!@
@!@!@STARTMSG 2212:0 @!@!@
Implied-temporal checking--satisfiability problem has 1 branches.
@!@!@ENDMSG 2212 @!@!@
@!@!@STARTMSG 2189:0 @!@!@
Computing initial states...
@!@!@ENDMSG 2189 @!@!@
@!@!@STARTMSG 2190:0 @!@!@
Finished computing initial states: 1 distinct state generated at 2025-04-21 10:12:50.
@!@!@ENDMSG 2190 @!@!@
@!@!@STARTMSG 2192:0 @!@!@
Checking temporal properties for the current state space with 16537 total distinct states at (2025-04-21 10:12:53)
@!@!@ENDMSG 2192 @!@!@
@!@!@STARTMSG 2267:0 @!@!@
Finished checking temporal properties in 00s at 2025-04-21 10:12:53
@!@!@ENDMSG 2267 @!@!@
@!@!@STARTMSG 2200:0 @!@!@
Progress(249) at 2025-04-21 10:12:53: 16,669 states generated (16,669 s/min), 16,669 distinct states found (16,669 ds/min), 129 states left on queue.
@!@!@ENDMSG 2200 @!@!@
@!@!@STARTMSG 2192:0 @!@!@
Checking temporal properties for the current state space with 103170 total distinct states at (2025-04-21 10:13:53)
@!@!@ENDMSG 2192 @!@!@
@!@!@STARTMSG 2267:0 @!@!@
Finished checking temporal properties in 01s at 2025-04-21 10:13:54
@!@!@ENDMSG 2267 @!@!@
@!@!@STARTMSG 2200:0 @!@!@
Progress(634) at 2025-04-21 10:13:54: 103,494 states generated (86,825 s/min), 103,492 distinct states found (86,823 ds/min), 321 states left on queue.
@!@!@ENDMSG 2200 @!@!@
@!@!@STARTMSG 2192:0 @!@!@
Checking temporal properties for the current state space with 148892 total distinct states at (2025-04-21 10:14:54)
@!@!@ENDMSG 2192 @!@!@
@!@!@STARTMSG 2267:0 @!@!@
Finished checking temporal properties in 01s at 2025-04-21 10:14:56
@!@!@ENDMSG 2267 @!@!@
@!@!@STARTMSG 2200:0 @!@!@
Progress(763) at 2025-04-21 10:14:56: 149,286 states generated (45,792 s/min), 149,279 distinct states found (45,787 ds/min), 387 states left on queue.
@!@!@ENDMSG 2200 @!@!@
@!@!@STARTMSG 2192:0 @!@!@
Checking temporal properties for the current state space with 188422 total distinct states at (2025-04-21 22:57:35)
@!@!@ENDMSG 2192 @!@!@
@!@!@STARTMSG 2267:0 @!@!@
Finished checking temporal properties in 02s at 2025-04-21 22:57:37
@!@!@ENDMSG 2267 @!@!@
@!@!@STARTMSG 2195:0 @!@!@
Checkpointing of run /home/user/Desktop/DIPLOM/Kripke/Kripke.toolbox/Model_1/25-04-21-10-12-47.065
@!@!@ENDMSG 2195 @!@!@
@!@!@STARTMSG 2196:0 @!@!@
Checkpointing completed at (2025-04-21 22:57:37)
@!@!@ENDMSG 2196 @!@!@
@!@!@STARTMSG 2200:0 @!@!@
Progress(859) at 2025-04-21 22:57:37: 188,873 states generated (39,587 s/min), 188,873 distinct states found (39,594 ds/min), 435 states left on queue.
@!@!@ENDMSG 2200 @!@!@
@!@!@STARTMSG 2201:0 @!@!@
The coverage statistics at 2025-04-21 22:57:37
@!@!@ENDMSG 2201 @!@!@
@!@!@STARTMSG 2773:0 @!@!@
<Init line 45, col 1 to line 45, col 4 of module main>: 1:1
@!@!@ENDMSG 2773 @!@!@
@!@!@STARTMSG 2221:0 @!@!@
  line 45, col 9 to line 45, col 26 of module main: 1
@!@!@ENDMSG 2221 @!@!@
@!@!@STARTMSG 2772:0 @!@!@
<Next line 46, col 1 to line 46, col 4 of module main (48 6 48 66)>: 188883:188883
@!@!@ENDMSG 2772 @!@!@
@!@!@STARTMSG 2221:0 @!@!@
  line 48, col 6 to line 48, col 39 of module main: 5088557
@!@!@ENDMSG 2221 @!@!@
@!@!@STARTMSG 2221:0 @!@!@
  |line 48, col 6 to line 48, col 29 of module main: 4899674
@!@!@ENDMSG 2221 @!@!@
@!@!@STARTMSG 2221:0 @!@!@
  |line 48, col 35 to line 48, col 39 of module main: 4899674
@!@!@ENDMSG 2221 @!@!@
@!@!@STARTMSG 2221:0 @!@!@
  line 48, col 44 to line 48, col 66 of module main: 188883
@!@!@ENDMSG 2221 @!@!@
@!@!@STARTMSG 2777:0 @!@!@
End of statistics (please note that for performance reasons large models
are best checked with coverage and cost statistics disabled).
@!@!@ENDMSG 2777 @!@!@
@!@!@STARTMSG 2192:0 @!@!@
Checking temporal properties for the current state space with 228454 total distinct states at (2025-04-21 22:58:38)
@!@!@ENDMSG 2192 @!@!@
@!@!@STARTMSG 2267:0 @!@!@
Finished checking temporal properties in 02s at 2025-04-21 22:58:40
@!@!@ENDMSG 2267 @!@!@
@!@!@STARTMSG 2200:0 @!@!@
Progress(947) at 2025-04-21 22:58:40: 228,934 states generated (40,061 s/min), 228,934 distinct states found (40,061 ds/min), 479 states left on queue.
@!@!@ENDMSG 2200 @!@!@
@!@!@STARTMSG 2192:0 @!@!@
Checking temporal properties for the current state space with 265530 total distinct states at (2025-04-21 22:59:40)
@!@!@ENDMSG 2192 @!@!@
@!@!@STARTMSG 2267:0 @!@!@
Finished checking temporal properties in 03s at 2025-04-21 22:59:44
@!@!@ENDMSG 2267 @!@!@
@!@!@STARTMSG 2200:0 @!@!@
Progress(1022) at 2025-04-21 22:59:44: 266,047 states generated (37,113 s/min), 266,046 distinct states found (37,112 ds/min), 515 states left on queue.
@!@!@ENDMSG 2200 @!@!@
@!@!@STARTMSG 2192:0 @!@!@
Checking temporal properties for the current state space with 298326 total distinct states at (2025-04-21 23:00:44)
@!@!@ENDMSG 2192 @!@!@
@!@!@STARTMSG 2267:0 @!@!@
Finished checking temporal properties in 03s at 2025-04-21 23:00:48
@!@!@ENDMSG 2267 @!@!@
@!@!@STARTMSG 2200:0 @!@!@
Progress(1084) at 2025-04-21 23:00:48: 298,875 states generated (32,828 s/min), 298,873 distinct states found (32,827 ds/min), 545 states left on queue.
@!@!@ENDMSG 2200 @!@!@
@!@!@STARTMSG 2192:0 @!@!@
Checking temporal properties for the current state space with 330167 total distinct states at (2025-04-21 23:01:48)
@!@!@ENDMSG 2192 @!@!@
@!@!@STARTMSG 2267:0 @!@!@
Finished checking temporal properties in 04s at 2025-04-21 23:01:52
@!@!@ENDMSG 2267 @!@!@
@!@!@STARTMSG 2200:0 @!@!@
Progress(1140) at 2025-04-21 23:01:52: 330,742 states generated (31,867 s/min), 330,742 distinct states found (31,869 ds/min), 575 states left on queue.
@!@!@ENDMSG 2200 @!@!@
@!@!@STARTMSG 2201:0 @!@!@
The coverage statistics at 2025-04-21 23:01:52
@!@!@ENDMSG 2201 @!@!@
@!@!@STARTMSG 2773:0 @!@!@
<Init line 45, col 1 to line 45, col 4 of module main>: 1:1
@!@!@ENDMSG 2773 @!@!@
@!@!@STARTMSG 2221:0 @!@!@
  line 45, col 9 to line 45, col 26 of module main: 1
@!@!@ENDMSG 2221 @!@!@
@!@!@STARTMSG 2772:0 @!@!@
<Next line 46, col 1 to line 46, col 4 of module main (48 6 48 66)>: 330743:330743
@!@!@ENDMSG 2772 @!@!@
@!@!@STARTMSG 2221:0 @!@!@
  line 48, col 6 to line 48, col 39 of module main: 8915137
@!@!@ENDMSG 2221 @!@!@
@!@!@STARTMSG 2221:0 @!@!@
  |line 48, col 6 to line 48, col 29 of module main: 8584394
@!@!@ENDMSG 2221 @!@!@
@!@!@STARTMSG 2221:0 @!@!@
  |line 48, col 35 to line 48, col 39 of module main: 8584394
@!@!@ENDMSG 2221 @!@!@
@!@!@STARTMSG 2221:0 @!@!@
  line 48, col 44 to line 48, col 66 of module main: 330743
@!@!@ENDMSG 2221 @!@!@
@!@!@STARTMSG 2777:0 @!@!@
End of statistics (please note that for performance reasons large models
are best checked with coverage and cost statistics disabled).
@!@!@ENDMSG 2777 @!@!@
@!@!@STARTMSG 2200:0 @!@!@
Progress(1183) at 2025-04-21 23:02:52: 355,531 states generated (24,789 s/min), 355,531 distinct states found (24,789 ds/min), 597 states left on queue.
@!@!@ENDMSG 2200 @!@!@
@!@!@STARTMSG 2192:0 @!@!@
Checking temporal properties for the current state space with 380818 total distinct states at (2025-04-21 23:03:52)
@!@!@ENDMSG 2192 @!@!@
@!@!@STARTMSG 2267:0 @!@!@
Finished checking temporal properties in 05s at 2025-04-21 23:03:58
@!@!@ENDMSG 2267 @!@!@
@!@!@STARTMSG 2200:0 @!@!@
Progress(1225) at 2025-04-21 23:03:58: 381,439 states generated (25,908 s/min), 381,439 distinct states found (25,908 ds/min), 618 states left on queue.
@!@!@ENDMSG 2200 @!@!@
@!@!@STARTMSG 2200:0 @!@!@
Progress(1262) at 2025-04-21 23:04:58: 404,332 states generated (22,893 s/min), 404,332 distinct states found (22,893 ds/min), 635 states left on queue.
@!@!@ENDMSG 2200 @!@!@
@!@!@STARTMSG 2192:0 @!@!@
Checking temporal properties for the current state space with 427516 total distinct states at (2025-04-21 23:05:58)
@!@!@ENDMSG 2192 @!@!@
@!@!@STARTMSG 2267:0 @!@!@
Finished checking temporal properties in 05s at 2025-04-21 23:06:04
@!@!@ENDMSG 2267 @!@!@
@!@!@STARTMSG 2200:0 @!@!@
Progress(1299) at 2025-04-21 23:06:04: 428,174 states generated (23,842 s/min), 428,173 distinct states found (23,841 ds/min), 655 states left on queue.
@!@!@ENDMSG 2200 @!@!@
@!@!@STARTMSG 2201:0 @!@!@
The coverage statistics at 2025-04-21 23:06:04
@!@!@ENDMSG 2201 @!@!@
@!@!@STARTMSG 2773:0 @!@!@
<Init line 45, col 1 to line 45, col 4 of module main>: 1:1
@!@!@ENDMSG 2773 @!@!@
@!@!@STARTMSG 2221:0 @!@!@
  line 45, col 9 to line 45, col 26 of module main: 1
@!@!@ENDMSG 2221 @!@!@
@!@!@STARTMSG 2772:0 @!@!@
<Next line 46, col 1 to line 46, col 4 of module main (48 6 48 66)>: 428173:428173
@!@!@ENDMSG 2772 @!@!@
@!@!@STARTMSG 2221:0 @!@!@
  line 48, col 6 to line 48, col 39 of module main: 11543641
@!@!@ENDMSG 2221 @!@!@
@!@!@STARTMSG 2221:0 @!@!@
  |line 48, col 6 to line 48, col 29 of module main: 11115468
@!@!@ENDMSG 2221 @!@!@
@!@!@STARTMSG 2221:0 @!@!@
  |line 48, col 35 to line 48, col 39 of module main: 11115468
@!@!@ENDMSG 2221 @!@!@
@!@!@STARTMSG 2221:0 @!@!@
  line 48, col 44 to line 48, col 66 of module main: 428173
@!@!@ENDMSG 2221 @!@!@
@!@!@STARTMSG 2777:0 @!@!@
End of statistics (please note that for performance reasons large models
are best checked with coverage and cost statistics disabled).
@!@!@ENDMSG 2777 @!@!@
@!@!@STARTMSG 2200:0 @!@!@
Progress(1333) at 2025-04-21 23:07:04: 450,807 states generated (22,633 s/min), 450,807 distinct states found (22,634 ds/min), 672 states left on queue.
@!@!@ENDMSG 2200 @!@!@
@!@!@STARTMSG 2192:0 @!@!@
Checking temporal properties for the current state space with 471806 total distinct states at (2025-04-21 23:08:04)
@!@!@ENDMSG 2192 @!@!@
@!@!@STARTMSG 2267:0 @!@!@
Finished checking temporal properties in 06s at 2025-04-21 23:08:10
@!@!@ENDMSG 2267 @!@!@
@!@!@STARTMSG 2200:0 @!@!@
Progress(1365) at 2025-04-21 23:08:10: 472,496 states generated (21,689 s/min), 472,496 distinct states found (21,689 ds/min), 689 states left on queue.
@!@!@ENDMSG 2200 @!@!@
@!@!@STARTMSG 2200:0 @!@!@
Progress(1395) at 2025-04-21 23:09:10: 493,439 states generated (20,943 s/min), 493,439 distinct states found (20,943 ds/min), 704 states left on queue.
@!@!@ENDMSG 2200 @!@!@
@!@!@STARTMSG 2200:0 @!@!@
Progress(1423) at 2025-04-21 23:10:10: 513,465 states generated (20,026 s/min), 513,465 distinct states found (20,026 ds/min), 717 states left on queue.
@!@!@ENDMSG 2200 @!@!@
@!@!@STARTMSG 2201:0 @!@!@
The coverage statistics at 2025-04-21 23:10:10
@!@!@ENDMSG 2201 @!@!@
@!@!@STARTMSG 2773:0 @!@!@
<Init line 45, col 1 to line 45, col 4 of module main>: 1:1
@!@!@ENDMSG 2773 @!@!@
@!@!@STARTMSG 2221:0 @!@!@
  line 45, col 9 to line 45, col 26 of module main: 1
@!@!@ENDMSG 2221 @!@!@
@!@!@STARTMSG 2772:0 @!@!@
<Next line 46, col 1 to line 46, col 4 of module main (48 6 48 66)>: 513464:513464
@!@!@ENDMSG 2772 @!@!@
@!@!@STARTMSG 2221:0 @!@!@
  line 48, col 6 to line 48, col 39 of module main: 13844912
@!@!@ENDMSG 2221 @!@!@
@!@!@STARTMSG 2221:0 @!@!@
  |line 48, col 6 to line 48, col 29 of module main: 13331448
@!@!@ENDMSG 2221 @!@!@
@!@!@STARTMSG 2221:0 @!@!@
  |line 48, col 35 to line 48, col 39 of module main: 13331448
@!@!@ENDMSG 2221 @!@!@
@!@!@STARTMSG 2221:0 @!@!@
  line 48, col 44 to line 48, col 66 of module main: 513464
@!@!@ENDMSG 2221 @!@!@
@!@!@STARTMSG 2777:0 @!@!@
End of statistics (please note that for performance reasons large models
are best checked with coverage and cost statistics disabled).
@!@!@ENDMSG 2777 @!@!@
@!@!@STARTMSG 2192:0 @!@!@
Checking temporal properties for the current state space with 532045 total distinct states at (2025-04-21 23:11:10)
@!@!@ENDMSG 2192 @!@!@
@!@!@STARTMSG 2267:0 @!@!@
Finished checking temporal properties in 07s at 2025-04-21 23:11:18
@!@!@ENDMSG 2267 @!@!@
@!@!@STARTMSG 2200:0 @!@!@
Progress(1450) at 2025-04-21 23:11:18: 532,775 states generated (19,310 s/min), 532,774 distinct states found (19,309 ds/min), 728 states left on queue.
@!@!@ENDMSG 2200 @!@!@
@!@!@STARTMSG 2200:0 @!@!@
Progress(1475) at 2025-04-21 23:12:18: 551,402 states generated (18,627 s/min), 551,402 distinct states found (18,628 ds/min), 743 states left on queue.
@!@!@ENDMSG 2200 @!@!@
@!@!@STARTMSG 2200:0 @!@!@
Progress(1499) at 2025-04-21 23:13:18: 569,557 states generated (18,155 s/min), 569,557 distinct states found (18,155 ds/min), 754 states left on queue.
@!@!@ENDMSG 2200 @!@!@
@!@!@STARTMSG 2192:0 @!@!@
Checking temporal properties for the current state space with 586187 total distinct states at (2025-04-21 23:14:18)
@!@!@ENDMSG 2192 @!@!@
@!@!@STARTMSG 2267:0 @!@!@
Finished checking temporal properties in 08s at 2025-04-21 23:14:27
@!@!@ENDMSG 2267 @!@!@
@!@!@STARTMSG 2200:0 @!@!@
Progress(1522) at 2025-04-21 23:14:27: 586,953 states generated (17,396 s/min), 586,952 distinct states found (17,395 ds/min), 765 states left on queue.
@!@!@ENDMSG 2200 @!@!@
@!@!@STARTMSG 2201:0 @!@!@
The coverage statistics at 2025-04-21 23:14:27
@!@!@ENDMSG 2201 @!@!@
@!@!@STARTMSG 2773:0 @!@!@
<Init line 45, col 1 to line 45, col 4 of module main>: 1:1
@!@!@ENDMSG 2773 @!@!@
@!@!@STARTMSG 2221:0 @!@!@
  line 45, col 9 to line 45, col 26 of module main: 1
@!@!@ENDMSG 2221 @!@!@
@!@!@STARTMSG 2772:0 @!@!@
<Next line 46, col 1 to line 46, col 4 of module main (48 6 48 66)>: 586957:586957
@!@!@ENDMSG 2772 @!@!@
@!@!@STARTMSG 2221:0 @!@!@
  line 48, col 6 to line 48, col 39 of module main: 15827975
@!@!@ENDMSG 2221 @!@!@
@!@!@STARTMSG 2221:0 @!@!@
  |line 48, col 6 to line 48, col 29 of module main: 15241018
@!@!@ENDMSG 2221 @!@!@
@!@!@STARTMSG 2221:0 @!@!@
  |line 48, col 35 to line 48, col 39 of module main: 15241018
@!@!@ENDMSG 2221 @!@!@
@!@!@STARTMSG 2221:0 @!@!@
  line 48, col 44 to line 48, col 66 of module main: 586957
@!@!@ENDMSG 2221 @!@!@
@!@!@STARTMSG 2777:0 @!@!@
End of statistics (please note that for performance reasons large models
are best checked with coverage and cost statistics disabled).
@!@!@ENDMSG 2777 @!@!@
@!@!@STARTMSG 2200:0 @!@!@
Progress(1545) at 2025-04-21 23:15:27: 604,466 states generated (17,513 s/min), 604,465 distinct states found (17,513 ds/min), 779 states left on queue.
@!@!@ENDMSG 2200 @!@!@
@!@!@STARTMSG 2200:0 @!@!@
Progress(1567) at 2025-04-21 23:16:27: 621,922 states generated (17,456 s/min), 621,922 distinct states found (17,457 ds/min), 789 states left on queue.
@!@!@ENDMSG 2200 @!@!@
@!@!@STARTMSG 2200:0 @!@!@
Progress(1589) at 2025-04-21 23:17:27: 639,028 states generated (17,106 s/min), 639,025 distinct states found (17,103 ds/min), 800 states left on queue.
@!@!@ENDMSG 2200 @!@!@
@!@!@STARTMSG 2192:0 @!@!@
Checking temporal properties for the current state space with 654818 total distinct states at (2025-04-21 23:18:27)
@!@!@ENDMSG 2192 @!@!@
@!@!@STARTMSG 2267:0 @!@!@
Finished checking temporal properties in 09s at 2025-04-21 23:18:36
@!@!@ENDMSG 2267 @!@!@
@!@!@STARTMSG 2200:0 @!@!@
Progress(1609) at 2025-04-21 23:18:36: 655,629 states generated (16,601 s/min), 655,628 distinct states found (16,603 ds/min), 809 states left on queue.
@!@!@ENDMSG 2200 @!@!@
@!@!@STARTMSG 2201:0 @!@!@
The coverage statistics at 2025-04-21 23:18:36
@!@!@ENDMSG 2201 @!@!@
@!@!@STARTMSG 2773:0 @!@!@
<Init line 45, col 1 to line 45, col 4 of module main>: 1:1
@!@!@ENDMSG 2773 @!@!@
@!@!@STARTMSG 2221:0 @!@!@
  line 45, col 9 to line 45, col 26 of module main: 1
@!@!@ENDMSG 2221 @!@!@
@!@!@STARTMSG 2772:0 @!@!@
<Next line 46, col 1 to line 46, col 4 of module main (48 6 48 66)>: 655628:655628
@!@!@ENDMSG 2772 @!@!@
@!@!@STARTMSG 2221:0 @!@!@
  line 48, col 6 to line 48, col 39 of module main: 17680947
@!@!@ENDMSG 2221 @!@!@
@!@!@STARTMSG 2221:0 @!@!@
  |line 48, col 6 to line 48, col 29 of module main: 17025345
@!@!@ENDMSG 2221 @!@!@
@!@!@STARTMSG 2221:0 @!@!@
  |line 48, col 35 to line 48, col 39 of module main: 17025344
@!@!@ENDMSG 2221 @!@!@
@!@!@STARTMSG 2221:0 @!@!@
  line 48, col 44 to line 48, col 66 of module main: 655628
@!@!@ENDMSG 2221 @!@!@
@!@!@STARTMSG 2777:0 @!@!@
End of statistics (please note that for performance reasons large models
are best checked with coverage and cost statistics disabled).
@!@!@ENDMSG 2777 @!@!@
@!@!@STARTMSG 2200:0 @!@!@
Progress(1629) at 2025-04-21 23:19:36: 671,805 states generated (16,176 s/min), 671,805 distinct states found (16,177 ds/min), 821 states left on queue.
@!@!@ENDMSG 2200 @!@!@
@!@!@STARTMSG 2200:0 @!@!@
Progress(1649) at 2025-04-21 23:20:36: 687,796 states generated (15,991 s/min), 687,796 distinct states found (15,991 ds/min), 830 states left on queue.
@!@!@ENDMSG 2200 @!@!@
@!@!@STARTMSG 2200:0 @!@!@
Progress(1666) at 2025-04-21 23:21:36: 702,391 states generated (14,595 s/min), 702,391 distinct states found (14,595 ds/min), 837 states left on queue.
@!@!@ENDMSG 2200 @!@!@
@!@!@STARTMSG 2200:0 @!@!@
Progress(1683) at 2025-04-21 23:22:36: 716,186 states generated (13,795 s/min), 716,186 distinct states found (13,795 ds/min), 848 states left on queue.
@!@!@ENDMSG 2200 @!@!@
@!@!@STARTMSG 2201:0 @!@!@
The coverage statistics at 2025-04-21 23:22:36
@!@!@ENDMSG 2201 @!@!@
@!@!@STARTMSG 2773:0 @!@!@
<Init line 45, col 1 to line 45, col 4 of module main>: 1:1
@!@!@ENDMSG 2773 @!@!@
@!@!@STARTMSG 2221:0 @!@!@
  line 45, col 9 to line 45, col 26 of module main: 1
@!@!@ENDMSG 2221 @!@!@
@!@!@STARTMSG 2772:0 @!@!@
<Next line 46, col 1 to line 46, col 4 of module main (48 6 48 66)>: 716187:716187
@!@!@ENDMSG 2772 @!@!@
@!@!@STARTMSG 2221:0 @!@!@
  line 48, col 6 to line 48, col 39 of module main: 19315027
@!@!@ENDMSG 2221 @!@!@
@!@!@STARTMSG 2221:0 @!@!@
  |line 48, col 6 to line 48, col 29 of module main: 18598840
@!@!@ENDMSG 2221 @!@!@
@!@!@STARTMSG 2221:0 @!@!@
  |line 48, col 35 to line 48, col 39 of module main: 18598840
@!@!@ENDMSG 2221 @!@!@
@!@!@STARTMSG 2221:0 @!@!@
  line 48, col 44 to line 48, col 66 of module main: 716187
@!@!@ENDMSG 2221 @!@!@
@!@!@STARTMSG 2777:0 @!@!@
End of statistics (please note that for performance reasons large models
are best checked with coverage and cost statistics disabled).
@!@!@ENDMSG 2777 @!@!@
@!@!@STARTMSG 2192:0 @!@!@
Checking temporal properties for the current state space with 727601 total distinct states at (2025-04-21 23:23:36)
@!@!@ENDMSG 2192 @!@!@
@!@!@STARTMSG 2267:0 @!@!@
Finished checking temporal properties in 10s at 2025-04-21 23:23:47
@!@!@ENDMSG 2267 @!@!@
@!@!@STARTMSG 2200:0 @!@!@
Progress(1697) at 2025-04-21 23:23:47: 728,459 states generated (12,273 s/min), 728,457 distinct states found (12,271 ds/min), 853 states left on queue.
@!@!@ENDMSG 2200 @!@!@
@!@!@STARTMSG 2200:0 @!@!@
Progress(1712) at 2025-04-21 23:24:47: 741,201 states generated (12,742 s/min), 741,200 distinct states found (12,743 ds/min), 860 states left on queue.
@!@!@ENDMSG 2200 @!@!@
@!@!@STARTMSG 2200:0 @!@!@
Progress(1726) at 2025-04-21 23:25:47: 753,370 states generated (12,169 s/min), 753,370 distinct states found (12,170 ds/min), 867 states left on queue.
@!@!@ENDMSG 2200 @!@!@
@!@!@STARTMSG 2200:0 @!@!@
Progress(1741) at 2025-04-21 23:26:47: 766,377 states generated (13,007 s/min), 766,377 distinct states found (13,007 ds/min), 876 states left on queue.
@!@!@ENDMSG 2200 @!@!@
@!@!@STARTMSG 2201:0 @!@!@
The coverage statistics at 2025-04-21 23:26:47
@!@!@ENDMSG 2201 @!@!@
@!@!@STARTMSG 2773:0 @!@!@
<Init line 45, col 1 to line 45, col 4 of module main>: 1:1
@!@!@ENDMSG 2773 @!@!@
@!@!@STARTMSG 2221:0 @!@!@
  line 45, col 9 to line 45, col 26 of module main: 1
@!@!@ENDMSG 2221 @!@!@
@!@!@STARTMSG 2772:0 @!@!@
<Next line 46, col 1 to line 46, col 4 of module main (48 6 48 66)>: 766377:766377
@!@!@ENDMSG 2772 @!@!@
@!@!@STARTMSG 2221:0 @!@!@
  line 48, col 6 to line 48, col 39 of module main: 20669429
@!@!@ENDMSG 2221 @!@!@
@!@!@STARTMSG 2221:0 @!@!@
  |line 48, col 6 to line 48, col 29 of module main: 19903052
@!@!@ENDMSG 2221 @!@!@
@!@!@STARTMSG 2221:0 @!@!@
  |line 48, col 35 to line 48, col 39 of module main: 19903052
@!@!@ENDMSG 2221 @!@!@
@!@!@STARTMSG 2221:0 @!@!@
  line 48, col 44 to line 48, col 66 of module main: 766377
@!@!@ENDMSG 2221 @!@!@
@!@!@STARTMSG 2777:0 @!@!@
End of statistics (please note that for performance reasons large models
are best checked with coverage and cost statistics disabled).
@!@!@ENDMSG 2777 @!@!@
@!@!@STARTMSG 2195:0 @!@!@
Checkpointing of run /home/user/Desktop/DIPLOM/Kripke/Kripke.toolbox/Model_1/25-04-21-10-12-47.065
@!@!@ENDMSG 2195 @!@!@
@!@!@STARTMSG 2196:0 @!@!@
Checkpointing completed at (2025-04-21 23:27:47)
@!@!@ENDMSG 2196 @!@!@
@!@!@STARTMSG 2200:0 @!@!@
Progress(1755) at 2025-04-21 23:27:47: 778,941 states generated (12,564 s/min), 778,941 distinct states found (12,564 ds/min), 884 states left on queue.
@!@!@ENDMSG 2200 @!@!@
