@!@!@STARTMSG 2262:0 @!@!@
TLC2 Version 2.20 of Day Month 20?? (rev: 13e5a39)
@!@!@ENDMSG 2262 @!@!@
@!@!@STARTMSG 2187:0 @!@!@
Running breadth-first search Model-Checking with fp 109 and seed -8290135374651342064 with 8 workers on 8 cores with 2837MB heap and 6380MB offheap memory [pid: 200563] (Linux 5.15.0-136-generic amd64, AdoptOpenJDK 14.0.1 x86_64, OffHeapDiskFPSet, DiskStateQueue).
@!@!@ENDMSG 2187 @!@!@
@!@!@STARTMSG 2220:0 @!@!@
Starting SANY...
@!@!@ENDMSG 2220 @!@!@
Parsing file /home/user/Desktop/DIPLOM/Kripke/Kripke.toolbox/Model_1/MC.tla
Parsing file /home/user/Desktop/DIPLOM/Kripke/Kripke.toolbox/Model_1/main.tla
Parsing file /home/user/Desktop/DIPLOM/Kripke/toolbox/plugins/org.lamport.tlatools_1.0.0.202504151343/tla2sany/StandardModules/TLC.tla
Parsing file /home/user/Desktop/DIPLOM/Kripke/toolbox/plugins/org.lamport.tlatools_1.0.0.202504151343/tla2sany/StandardModules/Sequences.tla
Parsing file /home/user/Desktop/DIPLOM/Kripke/toolbox/plugins/org.lamport.tlatools_1.0.0.202504151343/tla2sany/StandardModules/FiniteSets.tla
Parsing file /home/user/Desktop/DIPLOM/Kripke/toolbox/plugins/org.lamport.tlatools_1.0.0.202504151343/tla2sany/StandardModules/Integers.tla
Parsing file /home/user/Desktop/DIPLOM/Kripke/toolbox/plugins/org.lamport.tlatools_1.0.0.202504151343/tla2sany/StandardModules/Naturals.tla
Semantic processing of module Naturals
Semantic processing of module Sequences
Semantic processing of module FiniteSets
Semantic processing of module TLC
Semantic processing of module Integers
Semantic processing of module main
Semantic processing of module MC
@!@!@STARTMSG 2219:0 @!@!@
SANY finished.
@!@!@ENDMSG 2219 @!@!@
@!@!@STARTMSG 2185:0 @!@!@
Starting... (2025-04-21 09:37:20)
@!@!@ENDMSG 2185 @!@!@
@!@!@STARTMSG 2212:0 @!@!@
Implied-temporal checking--satisfiability problem has 1 branches.
@!@!@ENDMSG 2212 @!@!@
@!@!@STARTMSG 2189:0 @!@!@
Computing initial states...
@!@!@ENDMSG 2189 @!@!@
@!@!@STARTMSG 2190:0 @!@!@
Finished computing initial states: 1 distinct state generated at 2025-04-21 09:37:21.
@!@!@ENDMSG 2190 @!@!@
@!@!@STARTMSG 2192:0 @!@!@
Checking temporal properties for the current state space with 20765 total distinct states at (2025-04-21 09:37:24)
@!@!@ENDMSG 2192 @!@!@
@!@!@STARTMSG 2267:0 @!@!@
Finished checking temporal properties in 00s at 2025-04-21 09:37:24
@!@!@ENDMSG 2267 @!@!@
@!@!@STARTMSG 2200:0 @!@!@
Progress(280) at 2025-04-21 09:37:24: 560,903 states generated (560,903 s/min), 20,911 distinct states found (20,911 ds/min), 146 states left on queue.
@!@!@ENDMSG 2200 @!@!@
@!@!@STARTMSG 2192:0 @!@!@
Checking temporal properties for the current state space with 129997 total distinct states at (2025-04-21 09:38:24)
@!@!@ENDMSG 2192 @!@!@
@!@!@STARTMSG 2267:0 @!@!@
Finished checking temporal properties in 01s at 2025-04-21 09:38:25
@!@!@ENDMSG 2267 @!@!@
@!@!@STARTMSG 2200:0 @!@!@
Progress(713) at 2025-04-21 09:38:25: 3,510,687 states generated (2,949,784 s/min), 130,366 distinct states found (109,455 ds/min), 363 states left on queue.
@!@!@ENDMSG 2200 @!@!@
